running egg_info
writing build/yolo_project_package/yolo_project_package.egg-info/PKG-INFO
writing dependency_links to build/yolo_project_package/yolo_project_package.egg-info/dependency_links.txt
writing entry points to build/yolo_project_package/yolo_project_package.egg-info/entry_points.txt
writing requirements to build/yolo_project_package/yolo_project_package.egg-info/requires.txt
writing top-level names to build/yolo_project_package/yolo_project_package.egg-info/top_level.txt
reading manifest file 'build/yolo_project_package/yolo_project_package.egg-info/SOURCES.txt'
writing manifest file 'build/yolo_project_package/yolo_project_package.egg-info/SOURCES.txt'
running build
running build_py
copying src/yolo_project_package/test_node.py -> /home/polygon/yolo_project_package/build/yolo_project_package/build/lib/yolo_project_package
running install
running install_lib
copying /home/polygon/yolo_project_package/build/yolo_project_package/build/lib/yolo_project_package/test_node.py -> /home/polygon/yolo_project_package/install/yolo_project_package/lib/python3.10/site-packages/yolo_project_package
byte-compiling /home/polygon/yolo_project_package/install/yolo_project_package/lib/python3.10/site-packages/yolo_project_package/test_node.py to test_node.cpython-310.pyc
running install_data
copying launch/realsense_resolution.launch.py -> /home/polygon/yolo_project_package/install/yolo_project_package/share/yolo_project_package/launch
running install_egg_info
removing '/home/polygon/yolo_project_package/install/yolo_project_package/lib/python3.10/site-packages/yolo_project_package-0.0.0-py3.10.egg-info' (and everything under it)
Copying build/yolo_project_package/yolo_project_package.egg-info to /home/polygon/yolo_project_package/install/yolo_project_package/lib/python3.10/site-packages/yolo_project_package-0.0.0-py3.10.egg-info
running install_scripts
Installing yolov8_engine_test script to /home/polygon/yolo_project_package/install/yolo_project_package/lib/yolo_project_package
Installing yolov8_test script to /home/polygon/yolo_project_package/install/yolo_project_package/lib/yolo_project_package
writing list of installed files to '/home/polygon/yolo_project_package/build/yolo_project_package/install.log'
