[0.444s] Invoking command in '/home/polygon/yolo_project_package': PYTHONPATH=/home/polygon/yolo_project_package/build/yolo_project_package/prefix_override:/usr/lib/python3/dist-packages/colcon_core/task/python/colcon_distutils_commands:/home/polygon/yolo_project_package/install/yolo_project_package/lib/python3.10/site-packages:${PYTHONPATH} /usr/bin/python3 -W ignore:setup.py install is deprecated -W ignore:easy_install command is deprecated setup.py egg_info --egg-base build/yolo_project_package build --build-base /home/polygon/yolo_project_package/build/yolo_project_package/build install --record /home/polygon/yolo_project_package/build/yolo_project_package/install.log --single-version-externally-managed install_data
[0.602s] running egg_info
[0.603s] writing build/yolo_project_package/yolo_project_package.egg-info/PKG-INFO
[0.603s] writing dependency_links to build/yolo_project_package/yolo_project_package.egg-info/dependency_links.txt
[0.603s] writing entry points to build/yolo_project_package/yolo_project_package.egg-info/entry_points.txt
[0.603s] writing requirements to build/yolo_project_package/yolo_project_package.egg-info/requires.txt
[0.603s] writing top-level names to build/yolo_project_package/yolo_project_package.egg-info/top_level.txt
[0.604s] reading manifest file 'build/yolo_project_package/yolo_project_package.egg-info/SOURCES.txt'
[0.605s] writing manifest file 'build/yolo_project_package/yolo_project_package.egg-info/SOURCES.txt'
[0.605s] running build
[0.605s] running build_py
[0.605s] copying src/yolo_project_package/test_node.py -> /home/polygon/yolo_project_package/build/yolo_project_package/build/lib/yolo_project_package
[0.605s] running install
[0.605s] running install_lib
[0.606s] copying /home/polygon/yolo_project_package/build/yolo_project_package/build/lib/yolo_project_package/test_node.py -> /home/polygon/yolo_project_package/install/yolo_project_package/lib/python3.10/site-packages/yolo_project_package
[0.606s] byte-compiling /home/polygon/yolo_project_package/install/yolo_project_package/lib/python3.10/site-packages/yolo_project_package/test_node.py to test_node.cpython-310.pyc
[0.607s] running install_data
[0.607s] copying launch/realsense_resolution.launch.py -> /home/polygon/yolo_project_package/install/yolo_project_package/share/yolo_project_package/launch
[0.607s] running install_egg_info
[0.608s] removing '/home/polygon/yolo_project_package/install/yolo_project_package/lib/python3.10/site-packages/yolo_project_package-0.0.0-py3.10.egg-info' (and everything under it)
[0.608s] Copying build/yolo_project_package/yolo_project_package.egg-info to /home/polygon/yolo_project_package/install/yolo_project_package/lib/python3.10/site-packages/yolo_project_package-0.0.0-py3.10.egg-info
[0.608s] running install_scripts
[0.621s] Installing yolov8_engine_test script to /home/polygon/yolo_project_package/install/yolo_project_package/lib/yolo_project_package
[0.621s] Installing yolov8_test script to /home/polygon/yolo_project_package/install/yolo_project_package/lib/yolo_project_package
[0.621s] writing list of installed files to '/home/polygon/yolo_project_package/build/yolo_project_package/install.log'
[0.635s] Invoked command in '/home/polygon/yolo_project_package' returned '0': PYTHONPATH=/home/polygon/yolo_project_package/build/yolo_project_package/prefix_override:/usr/lib/python3/dist-packages/colcon_core/task/python/colcon_distutils_commands:/home/polygon/yolo_project_package/install/yolo_project_package/lib/python3.10/site-packages:${PYTHONPATH} /usr/bin/python3 -W ignore:setup.py install is deprecated -W ignore:easy_install command is deprecated setup.py egg_info --egg-base build/yolo_project_package build --build-base /home/polygon/yolo_project_package/build/yolo_project_package/build install --record /home/polygon/yolo_project_package/build/yolo_project_package/install.log --single-version-externally-managed install_data
