running egg_info
creating build/yolo_project_package/yolo_project_package.egg-info
writing build/yolo_project_package/yolo_project_package.egg-info/PKG-INFO
writing dependency_links to build/yolo_project_package/yolo_project_package.egg-info/dependency_links.txt
writing entry points to build/yolo_project_package/yolo_project_package.egg-info/entry_points.txt
writing requirements to build/yolo_project_package/yolo_project_package.egg-info/requires.txt
writing top-level names to build/yolo_project_package/yolo_project_package.egg-info/top_level.txt
writing manifest file 'build/yolo_project_package/yolo_project_package.egg-info/SOURCES.txt'
reading manifest file 'build/yolo_project_package/yolo_project_package.egg-info/SOURCES.txt'
writing manifest file 'build/yolo_project_package/yolo_project_package.egg-info/SOURCES.txt'
running build
running build_py
creating /home/polygon/yolo_project_package/build/yolo_project_package/build
creating /home/polygon/yolo_project_package/build/yolo_project_package/build/lib
creating /home/polygon/yolo_project_package/build/yolo_project_package/build/lib/yolo_project_package
copying src/yolo_project_package/yolov8_engine_test.py -> /home/polygon/yolo_project_package/build/yolo_project_package/build/lib/yolo_project_package
copying src/yolo_project_package/__init__.py -> /home/polygon/yolo_project_package/build/yolo_project_package/build/lib/yolo_project_package
copying src/yolo_project_package/yolov8_test.py -> /home/polygon/yolo_project_package/build/yolo_project_package/build/lib/yolo_project_package
running install
running install_lib
creating /home/polygon/yolo_project_package/install/yolo_project_package/lib/python3.10/site-packages/yolo_project_package
copying /home/polygon/yolo_project_package/build/yolo_project_package/build/lib/yolo_project_package/yolov8_engine_test.py -> /home/polygon/yolo_project_package/install/yolo_project_package/lib/python3.10/site-packages/yolo_project_package
copying /home/polygon/yolo_project_package/build/yolo_project_package/build/lib/yolo_project_package/__init__.py -> /home/polygon/yolo_project_package/install/yolo_project_package/lib/python3.10/site-packages/yolo_project_package
copying /home/polygon/yolo_project_package/build/yolo_project_package/build/lib/yolo_project_package/yolov8_test.py -> /home/polygon/yolo_project_package/install/yolo_project_package/lib/python3.10/site-packages/yolo_project_package
byte-compiling /home/polygon/yolo_project_package/install/yolo_project_package/lib/python3.10/site-packages/yolo_project_package/yolov8_engine_test.py to yolov8_engine_test.cpython-310.pyc
byte-compiling /home/polygon/yolo_project_package/install/yolo_project_package/lib/python3.10/site-packages/yolo_project_package/__init__.py to __init__.cpython-310.pyc
byte-compiling /home/polygon/yolo_project_package/install/yolo_project_package/lib/python3.10/site-packages/yolo_project_package/yolov8_test.py to yolov8_test.cpython-310.pyc
running install_data
creating /home/polygon/yolo_project_package/install/yolo_project_package/share/ament_index
creating /home/polygon/yolo_project_package/install/yolo_project_package/share/ament_index/resource_index
creating /home/polygon/yolo_project_package/install/yolo_project_package/share/ament_index/resource_index/packages
copying resource/yolo_project_package -> /home/polygon/yolo_project_package/install/yolo_project_package/share/ament_index/resource_index/packages
copying package.xml -> /home/polygon/yolo_project_package/install/yolo_project_package/share/yolo_project_package
creating /home/polygon/yolo_project_package/install/yolo_project_package/share/yolo_project_package/launch
copying launch/realsense_resolution.launch.py -> /home/polygon/yolo_project_package/install/yolo_project_package/share/yolo_project_package/launch
copying launch/realsense_imu.launch.py -> /home/polygon/yolo_project_package/install/yolo_project_package/share/yolo_project_package/launch
running install_egg_info
Copying build/yolo_project_package/yolo_project_package.egg-info to /home/polygon/yolo_project_package/install/yolo_project_package/lib/python3.10/site-packages/yolo_project_package-0.0.0-py3.10.egg-info
running install_scripts
Installing yolov8_engine_test script to /home/polygon/yolo_project_package/install/yolo_project_package/lib/yolo_project_package
Installing yolov8_test script to /home/polygon/yolo_project_package/install/yolo_project_package/lib/yolo_project_package
writing list of installed files to '/home/polygon/yolo_project_package/build/yolo_project_package/install.log'
