/home/polygon/yolo_project_package/install/yolo_project_package/lib/python3.10/site-packages/yolo_project_package/test_node.py
/home/polygon/yolo_project_package/install/yolo_project_package/lib/python3.10/site-packages/yolo_project_package/yolov8_engine_test.py
/home/polygon/yolo_project_package/install/yolo_project_package/lib/python3.10/site-packages/yolo_project_package/__init__.py
/home/polygon/yolo_project_package/install/yolo_project_package/lib/python3.10/site-packages/yolo_project_package/yolov8_test.py
/home/polygon/yolo_project_package/install/yolo_project_package/lib/python3.10/site-packages/yolo_project_package/__pycache__/test_node.cpython-310.pyc
/home/polygon/yolo_project_package/install/yolo_project_package/lib/python3.10/site-packages/yolo_project_package/__pycache__/yolov8_engine_test.cpython-310.pyc
/home/polygon/yolo_project_package/install/yolo_project_package/lib/python3.10/site-packages/yolo_project_package/__pycache__/__init__.cpython-310.pyc
/home/polygon/yolo_project_package/install/yolo_project_package/lib/python3.10/site-packages/yolo_project_package/__pycache__/yolov8_test.cpython-310.pyc
/home/polygon/yolo_project_package/install/yolo_project_package/share/ament_index/resource_index/packages/yolo_project_package
/home/polygon/yolo_project_package/install/yolo_project_package/share/yolo_project_package/package.xml
/home/polygon/yolo_project_package/install/yolo_project_package/share/yolo_project_package/launch/realsense_resolution.launch.py
/home/polygon/yolo_project_package/install/yolo_project_package/share/yolo_project_package/launch/realsense_imu.launch.py
/home/polygon/yolo_project_package/install/yolo_project_package/lib/python3.10/site-packages/yolo_project_package-0.0.0-py3.10.egg-info/requires.txt
/home/polygon/yolo_project_package/install/yolo_project_package/lib/python3.10/site-packages/yolo_project_package-0.0.0-py3.10.egg-info/dependency_links.txt
/home/polygon/yolo_project_package/install/yolo_project_package/lib/python3.10/site-packages/yolo_project_package-0.0.0-py3.10.egg-info/zip-safe
/home/polygon/yolo_project_package/install/yolo_project_package/lib/python3.10/site-packages/yolo_project_package-0.0.0-py3.10.egg-info/PKG-INFO
/home/polygon/yolo_project_package/install/yolo_project_package/lib/python3.10/site-packages/yolo_project_package-0.0.0-py3.10.egg-info/entry_points.txt
/home/polygon/yolo_project_package/install/yolo_project_package/lib/python3.10/site-packages/yolo_project_package-0.0.0-py3.10.egg-info/top_level.txt
/home/polygon/yolo_project_package/install/yolo_project_package/lib/python3.10/site-packages/yolo_project_package-0.0.0-py3.10.egg-info/SOURCES.txt
/home/polygon/yolo_project_package/install/yolo_project_package/lib/yolo_project_package/yolov8_engine_test
/home/polygon/yolo_project_package/install/yolo_project_package/lib/yolo_project_package/yolov8_test
